2012-10-20 17:23:04 Warning: Warning (2): Cannot modify header information - headers already sent by (output started at /home/appslanz/public_html/supermama/app/app_controller.php:20) in [/home/appslanz/public_html/supermama/cake/libs/controller/controller.php, line 746]
2012-10-20 17:37:49 Warning: Warning (2): Cannot modify header information - headers already sent by (output started at /home/appslanz/public_html/supermama/app/app_controller.php:20) in [/home/appslanz/public_html/supermama/cake/libs/controller/controller.php, line 746]
2012-10-23 15:49:53 Warning: Warning (2): Illegal offset type in isset or empty in [/home/appslanz/public_html/supermama/cake/libs/controller/controller.php, line 708]
2012-10-23 15:51:24 Warning: Warning (2): Illegal offset type in isset or empty in [/home/appslanz/public_html/supermama/cake/libs/controller/controller.php, line 708]
2012-10-29 11:37:57 Warning: Warning (2): Cannot modify header information - headers already sent by (output started at /home/appslanz/public_html/supermama/app/controllers/usuarios_controller.php:280) in [/home/appslanz/public_html/supermama/cake/libs/controller/controller.php, line 746]
2012-10-29 11:37:57 Warning: Warning (2): Cannot modify header information - headers already sent by (output started at /home/appslanz/public_html/supermama/app/controllers/usuarios_controller.php:280) in [/home/appslanz/public_html/supermama/app/views/layouts/default.ctp, line 2]
2012-10-29 11:37:57 Warning: Warning (2): Cannot modify header information - headers already sent by (output started at /home/appslanz/public_html/supermama/app/controllers/usuarios_controller.php:280) in [/home/appslanz/public_html/supermama/app/views/layouts/default.ctp, line 3]
2012-10-29 11:41:22 Warning: Warning (2): Cannot modify header information - headers already sent by (output started at /home/appslanz/public_html/supermama/app/controllers/usuarios_controller.php:280) in [/home/appslanz/public_html/supermama/cake/libs/controller/controller.php, line 746]
2012-10-29 11:41:22 Warning: Warning (2): Cannot modify header information - headers already sent by (output started at /home/appslanz/public_html/supermama/app/controllers/usuarios_controller.php:280) in [/home/appslanz/public_html/supermama/app/views/layouts/default.ctp, line 2]
2012-10-29 11:41:22 Warning: Warning (2): Cannot modify header information - headers already sent by (output started at /home/appslanz/public_html/supermama/app/controllers/usuarios_controller.php:280) in [/home/appslanz/public_html/supermama/app/views/layouts/default.ctp, line 3]
2012-10-29 13:51:00 Warning: Warning (2): Cannot modify header information - headers already sent by (output started at /home/appslanz/public_html/supermama/app/controllers/usuarios_controller.php:280) in [/home/appslanz/public_html/supermama/cake/libs/controller/controller.php, line 746]
2012-10-29 13:51:00 Warning: Warning (2): Cannot modify header information - headers already sent by (output started at /home/appslanz/public_html/supermama/app/controllers/usuarios_controller.php:280) in [/home/appslanz/public_html/supermama/app/views/layouts/default.ctp, line 2]
2012-10-29 13:51:00 Warning: Warning (2): Cannot modify header information - headers already sent by (output started at /home/appslanz/public_html/supermama/app/controllers/usuarios_controller.php:280) in [/home/appslanz/public_html/supermama/app/views/layouts/default.ctp, line 3]
2012-10-29 13:54:12 Warning: Warning (2): Cannot modify header information - headers already sent by (output started at /home/appslanz/public_html/supermama/app/controllers/usuarios_controller.php:280) in [/home/appslanz/public_html/supermama/cake/libs/controller/controller.php, line 746]
2012-10-29 13:54:12 Warning: Warning (2): Cannot modify header information - headers already sent by (output started at /home/appslanz/public_html/supermama/app/controllers/usuarios_controller.php:280) in [/home/appslanz/public_html/supermama/app/views/layouts/default.ctp, line 2]
2012-10-29 13:54:12 Warning: Warning (2): Cannot modify header information - headers already sent by (output started at /home/appslanz/public_html/supermama/app/controllers/usuarios_controller.php:280) in [/home/appslanz/public_html/supermama/app/views/layouts/default.ctp, line 3]
2012-10-29 13:54:20 Warning: Warning (2): Cannot modify header information - headers already sent by (output started at /home/appslanz/public_html/supermama/app/controllers/usuarios_controller.php:280) in [/home/appslanz/public_html/supermama/cake/libs/controller/controller.php, line 746]
2012-10-29 13:54:20 Warning: Warning (2): Cannot modify header information - headers already sent by (output started at /home/appslanz/public_html/supermama/app/controllers/usuarios_controller.php:280) in [/home/appslanz/public_html/supermama/app/views/layouts/default.ctp, line 2]
2012-10-29 13:54:20 Warning: Warning (2): Cannot modify header information - headers already sent by (output started at /home/appslanz/public_html/supermama/app/controllers/usuarios_controller.php:280) in [/home/appslanz/public_html/supermama/app/views/layouts/default.ctp, line 3]
2013-03-12 07:17:09 Warning: Warning (512): /var/www/html/php5/nskolaris/supermama/app/tmp/cache/ is not writable in [/var/www/html/php5/nskolaris/supermama/cake/libs/cache/file.php, line 267]
2013-03-12 07:17:09 Warning: Warning (512): /var/www/html/php5/nskolaris/supermama/app/tmp/cache/persistent/ is not writable in [/var/www/html/php5/nskolaris/supermama/cake/libs/cache/file.php, line 267]
2013-03-12 07:17:09 Warning: Warning (512): /var/www/html/php5/nskolaris/supermama/app/tmp/cache/models/ is not writable in [/var/www/html/php5/nskolaris/supermama/cake/libs/cache/file.php, line 267]
2013-03-12 07:17:10 Warning: Warning (2): mysql_connect() [<a href='function.mysql-connect'>function.mysql-connect</a>]: Access denied for user 'appslanz_superma'@'localhost' (using password: YES) in [/var/www/html/php5/nskolaris/supermama/cake/libs/model/datasources/dbo/dbo_mysql.php, line 540]
2013-03-12 07:17:10 Warning: Warning (2): mysql_select_db(): supplied argument is not a valid MySQL-Link resource in [/var/www/html/php5/nskolaris/supermama/cake/libs/model/datasources/dbo/dbo_mysql.php, line 546]
2013-03-12 07:17:10 Warning: Warning (2): mysql_query(): supplied argument is not a valid MySQL-Link resource in [/var/www/html/php5/nskolaris/supermama/cake/libs/model/datasources/dbo/dbo_mysql.php, line 588]
2013-03-12 07:17:10 Warning: Warning (2): mysql_get_server_info(): supplied argument is not a valid MySQL-Link resource in [/var/www/html/php5/nskolaris/supermama/cake/libs/model/datasources/dbo/dbo_mysql.php, line 554]
2013-03-12 07:17:10 Warning: Warning (2): mysql_query(): supplied argument is not a valid MySQL-Link resource in [/var/www/html/php5/nskolaris/supermama/cake/libs/model/datasources/dbo/dbo_mysql.php, line 588]
2013-03-12 07:17:10 Warning: Warning (2): mysql_query(): supplied argument is not a valid MySQL-Link resource in [/var/www/html/php5/nskolaris/supermama/cake/libs/model/datasources/dbo/dbo_mysql.php, line 588]
2013-03-12 07:18:16 Warning: Warning (512): /var/www/html/php5/nskolaris/supermama/app/tmp/cache/ is not writable in [/var/www/html/php5/nskolaris/supermama/cake/libs/cache/file.php, line 267]
2013-03-12 07:18:16 Warning: Warning (512): /var/www/html/php5/nskolaris/supermama/app/tmp/cache/persistent/ is not writable in [/var/www/html/php5/nskolaris/supermama/cake/libs/cache/file.php, line 267]
2013-03-12 07:18:16 Warning: Warning (512): /var/www/html/php5/nskolaris/supermama/app/tmp/cache/models/ is not writable in [/var/www/html/php5/nskolaris/supermama/cake/libs/cache/file.php, line 267]
2013-03-12 07:18:16 Warning: Warning (2): mysql_connect() [<a href='function.mysql-connect'>function.mysql-connect</a>]: Access denied for user 'appslanz_superma'@'localhost' (using password: YES) in [/var/www/html/php5/nskolaris/supermama/cake/libs/model/datasources/dbo/dbo_mysql.php, line 540]
2013-03-12 07:18:16 Warning: Warning (2): mysql_select_db(): supplied argument is not a valid MySQL-Link resource in [/var/www/html/php5/nskolaris/supermama/cake/libs/model/datasources/dbo/dbo_mysql.php, line 546]
2013-03-12 07:18:16 Warning: Warning (2): mysql_query(): supplied argument is not a valid MySQL-Link resource in [/var/www/html/php5/nskolaris/supermama/cake/libs/model/datasources/dbo/dbo_mysql.php, line 588]
2013-03-12 07:18:16 Warning: Warning (2): mysql_get_server_info(): supplied argument is not a valid MySQL-Link resource in [/var/www/html/php5/nskolaris/supermama/cake/libs/model/datasources/dbo/dbo_mysql.php, line 554]
2013-03-12 07:18:16 Warning: Warning (2): mysql_query(): supplied argument is not a valid MySQL-Link resource in [/var/www/html/php5/nskolaris/supermama/cake/libs/model/datasources/dbo/dbo_mysql.php, line 588]
2013-03-12 07:18:16 Warning: Warning (2): mysql_query(): supplied argument is not a valid MySQL-Link resource in [/var/www/html/php5/nskolaris/supermama/cake/libs/model/datasources/dbo/dbo_mysql.php, line 588]
2013-03-12 07:21:33 Warning: Warning (512): /var/www/html/php5/nskolaris/supermama/app/tmp/cache/ is not writable in [/var/www/html/php5/nskolaris/supermama/cake/libs/cache/file.php, line 267]
2013-03-12 07:21:33 Warning: Warning (512): /var/www/html/php5/nskolaris/supermama/app/tmp/cache/persistent/ is not writable in [/var/www/html/php5/nskolaris/supermama/cake/libs/cache/file.php, line 267]
2013-03-12 07:21:33 Warning: Warning (512): /var/www/html/php5/nskolaris/supermama/app/tmp/cache/models/ is not writable in [/var/www/html/php5/nskolaris/supermama/cake/libs/cache/file.php, line 267]
2013-03-12 07:21:33 Warning: Warning (2): mysql_connect() [<a href='function.mysql-connect'>function.mysql-connect</a>]: Access denied for user 'appslanz_superma'@'localhost' (using password: YES) in [/var/www/html/php5/nskolaris/supermama/cake/libs/model/datasources/dbo/dbo_mysql.php, line 540]
2013-03-12 07:21:33 Warning: Warning (2): mysql_select_db(): supplied argument is not a valid MySQL-Link resource in [/var/www/html/php5/nskolaris/supermama/cake/libs/model/datasources/dbo/dbo_mysql.php, line 546]
2013-03-12 07:21:33 Warning: Warning (2): mysql_query(): supplied argument is not a valid MySQL-Link resource in [/var/www/html/php5/nskolaris/supermama/cake/libs/model/datasources/dbo/dbo_mysql.php, line 588]
2013-03-12 07:21:33 Warning: Warning (2): mysql_get_server_info(): supplied argument is not a valid MySQL-Link resource in [/var/www/html/php5/nskolaris/supermama/cake/libs/model/datasources/dbo/dbo_mysql.php, line 554]
2013-03-12 07:21:33 Warning: Warning (2): mysql_query(): supplied argument is not a valid MySQL-Link resource in [/var/www/html/php5/nskolaris/supermama/cake/libs/model/datasources/dbo/dbo_mysql.php, line 588]
2013-03-12 07:21:33 Warning: Warning (2): mysql_query(): supplied argument is not a valid MySQL-Link resource in [/var/www/html/php5/nskolaris/supermama/cake/libs/model/datasources/dbo/dbo_mysql.php, line 588]
2013-03-12 07:26:48 Warning: Warning (512): /var/www/html/php5/nskolaris/supermama/app/tmp/cache/ is not writable in [/var/www/html/php5/nskolaris/supermama/cake/libs/cache/file.php, line 267]
2013-03-12 07:26:48 Warning: Warning (512): /var/www/html/php5/nskolaris/supermama/app/tmp/cache/persistent/ is not writable in [/var/www/html/php5/nskolaris/supermama/cake/libs/cache/file.php, line 267]
2013-03-12 07:26:48 Warning: Warning (512): /var/www/html/php5/nskolaris/supermama/app/tmp/cache/models/ is not writable in [/var/www/html/php5/nskolaris/supermama/cake/libs/cache/file.php, line 267]
2013-03-12 07:26:48 Warning: Warning (2): mysql_connect() [<a href='function.mysql-connect'>function.mysql-connect</a>]: Access denied for user 'appslanz_superma'@'localhost' (using password: YES) in [/var/www/html/php5/nskolaris/supermama/cake/libs/model/datasources/dbo/dbo_mysql.php, line 540]
2013-03-12 07:26:48 Warning: Warning (2): mysql_select_db(): supplied argument is not a valid MySQL-Link resource in [/var/www/html/php5/nskolaris/supermama/cake/libs/model/datasources/dbo/dbo_mysql.php, line 546]
2013-03-12 07:26:48 Warning: Warning (2): mysql_query(): supplied argument is not a valid MySQL-Link resource in [/var/www/html/php5/nskolaris/supermama/cake/libs/model/datasources/dbo/dbo_mysql.php, line 588]
2013-03-12 07:26:48 Warning: Warning (2): mysql_get_server_info(): supplied argument is not a valid MySQL-Link resource in [/var/www/html/php5/nskolaris/supermama/cake/libs/model/datasources/dbo/dbo_mysql.php, line 554]
2013-03-12 07:26:48 Warning: Warning (2): mysql_query(): supplied argument is not a valid MySQL-Link resource in [/var/www/html/php5/nskolaris/supermama/cake/libs/model/datasources/dbo/dbo_mysql.php, line 588]
2013-03-12 07:26:48 Warning: Warning (2): mysql_query(): supplied argument is not a valid MySQL-Link resource in [/var/www/html/php5/nskolaris/supermama/cake/libs/model/datasources/dbo/dbo_mysql.php, line 588]
2013-03-12 08:15:38 Warning: Warning (512): /var/www/html/php5/nskolaris/supermama/app/tmp/cache/ is not writable in [/var/www/html/php5/nskolaris/supermama/cake/libs/cache/file.php, line 267]
2013-03-12 08:15:38 Warning: Warning (512): /var/www/html/php5/nskolaris/supermama/app/tmp/cache/persistent/ is not writable in [/var/www/html/php5/nskolaris/supermama/cake/libs/cache/file.php, line 267]
2013-03-12 08:15:38 Warning: Warning (512): /var/www/html/php5/nskolaris/supermama/app/tmp/cache/models/ is not writable in [/var/www/html/php5/nskolaris/supermama/cake/libs/cache/file.php, line 267]
2013-03-12 08:15:38 Warning: Warning (2): mysql_connect() [<a href='function.mysql-connect'>function.mysql-connect</a>]: Access denied for user 'appslanz_superma'@'localhost' (using password: YES) in [/var/www/html/php5/nskolaris/supermama/cake/libs/model/datasources/dbo/dbo_mysql.php, line 540]
2013-03-12 08:15:38 Warning: Warning (2): mysql_select_db(): supplied argument is not a valid MySQL-Link resource in [/var/www/html/php5/nskolaris/supermama/cake/libs/model/datasources/dbo/dbo_mysql.php, line 546]
2013-03-12 08:15:38 Warning: Warning (2): mysql_query(): supplied argument is not a valid MySQL-Link resource in [/var/www/html/php5/nskolaris/supermama/cake/libs/model/datasources/dbo/dbo_mysql.php, line 588]
2013-03-12 08:15:38 Warning: Warning (2): mysql_get_server_info(): supplied argument is not a valid MySQL-Link resource in [/var/www/html/php5/nskolaris/supermama/cake/libs/model/datasources/dbo/dbo_mysql.php, line 554]
2013-03-12 08:15:38 Warning: Warning (2): mysql_query(): supplied argument is not a valid MySQL-Link resource in [/var/www/html/php5/nskolaris/supermama/cake/libs/model/datasources/dbo/dbo_mysql.php, line 588]
2013-03-12 08:15:38 Warning: Warning (2): mysql_query(): supplied argument is not a valid MySQL-Link resource in [/var/www/html/php5/nskolaris/supermama/cake/libs/model/datasources/dbo/dbo_mysql.php, line 588]
2013-03-12 08:15:45 Warning: Warning (512): /var/www/html/php5/nskolaris/supermama/app/tmp/cache/ is not writable in [/var/www/html/php5/nskolaris/supermama/cake/libs/cache/file.php, line 267]
2013-03-12 08:15:45 Warning: Warning (512): /var/www/html/php5/nskolaris/supermama/app/tmp/cache/persistent/ is not writable in [/var/www/html/php5/nskolaris/supermama/cake/libs/cache/file.php, line 267]
2013-03-12 08:15:45 Warning: Warning (512): /var/www/html/php5/nskolaris/supermama/app/tmp/cache/models/ is not writable in [/var/www/html/php5/nskolaris/supermama/cake/libs/cache/file.php, line 267]
2013-03-12 08:15:45 Warning: Warning (2): mysql_connect() [<a href='function.mysql-connect'>function.mysql-connect</a>]: Access denied for user 'appslanz_superma'@'localhost' (using password: YES) in [/var/www/html/php5/nskolaris/supermama/cake/libs/model/datasources/dbo/dbo_mysql.php, line 540]
2013-03-12 08:15:45 Warning: Warning (2): mysql_select_db(): supplied argument is not a valid MySQL-Link resource in [/var/www/html/php5/nskolaris/supermama/cake/libs/model/datasources/dbo/dbo_mysql.php, line 546]
2013-03-12 08:15:45 Warning: Warning (2): mysql_query(): supplied argument is not a valid MySQL-Link resource in [/var/www/html/php5/nskolaris/supermama/cake/libs/model/datasources/dbo/dbo_mysql.php, line 588]
2013-03-12 08:15:45 Warning: Warning (2): mysql_get_server_info(): supplied argument is not a valid MySQL-Link resource in [/var/www/html/php5/nskolaris/supermama/cake/libs/model/datasources/dbo/dbo_mysql.php, line 554]
2013-03-12 08:15:45 Warning: Warning (2): mysql_query(): supplied argument is not a valid MySQL-Link resource in [/var/www/html/php5/nskolaris/supermama/cake/libs/model/datasources/dbo/dbo_mysql.php, line 588]
2013-03-12 08:15:45 Warning: Warning (2): mysql_query(): supplied argument is not a valid MySQL-Link resource in [/var/www/html/php5/nskolaris/supermama/cake/libs/model/datasources/dbo/dbo_mysql.php, line 588]
2013-03-12 08:16:02 Warning: Warning (512): /var/www/html/php5/nskolaris/supermama/app/tmp/cache/ is not writable in [/var/www/html/php5/nskolaris/supermama/cake/libs/cache/file.php, line 267]
2013-03-12 08:16:02 Warning: Warning (512): /var/www/html/php5/nskolaris/supermama/app/tmp/cache/persistent/ is not writable in [/var/www/html/php5/nskolaris/supermama/cake/libs/cache/file.php, line 267]
2013-03-12 08:16:02 Warning: Warning (512): /var/www/html/php5/nskolaris/supermama/app/tmp/cache/models/ is not writable in [/var/www/html/php5/nskolaris/supermama/cake/libs/cache/file.php, line 267]
2013-03-12 08:16:02 Warning: Warning (2): mysql_connect() [<a href='function.mysql-connect'>function.mysql-connect</a>]: Access denied for user 'appslanz_superma'@'localhost' (using password: YES) in [/var/www/html/php5/nskolaris/supermama/cake/libs/model/datasources/dbo/dbo_mysql.php, line 540]
2013-03-12 08:16:02 Warning: Warning (2): mysql_select_db(): supplied argument is not a valid MySQL-Link resource in [/var/www/html/php5/nskolaris/supermama/cake/libs/model/datasources/dbo/dbo_mysql.php, line 546]
2013-03-12 08:16:02 Warning: Warning (2): mysql_query(): supplied argument is not a valid MySQL-Link resource in [/var/www/html/php5/nskolaris/supermama/cake/libs/model/datasources/dbo/dbo_mysql.php, line 588]
2013-03-12 08:16:02 Warning: Warning (2): mysql_get_server_info(): supplied argument is not a valid MySQL-Link resource in [/var/www/html/php5/nskolaris/supermama/cake/libs/model/datasources/dbo/dbo_mysql.php, line 554]
2013-03-12 08:16:02 Warning: Warning (2): mysql_query(): supplied argument is not a valid MySQL-Link resource in [/var/www/html/php5/nskolaris/supermama/cake/libs/model/datasources/dbo/dbo_mysql.php, line 588]
2013-03-12 08:16:02 Warning: Warning (2): mysql_query(): supplied argument is not a valid MySQL-Link resource in [/var/www/html/php5/nskolaris/supermama/cake/libs/model/datasources/dbo/dbo_mysql.php, line 588]
2013-03-12 08:16:05 Warning: Warning (512): /var/www/html/php5/nskolaris/supermama/app/tmp/cache/ is not writable in [/var/www/html/php5/nskolaris/supermama/cake/libs/cache/file.php, line 267]
2013-03-12 08:16:05 Warning: Warning (512): /var/www/html/php5/nskolaris/supermama/app/tmp/cache/persistent/ is not writable in [/var/www/html/php5/nskolaris/supermama/cake/libs/cache/file.php, line 267]
2013-03-12 08:16:05 Warning: Warning (512): /var/www/html/php5/nskolaris/supermama/app/tmp/cache/models/ is not writable in [/var/www/html/php5/nskolaris/supermama/cake/libs/cache/file.php, line 267]
2013-03-12 08:16:05 Warning: Warning (2): mysql_connect() [<a href='function.mysql-connect'>function.mysql-connect</a>]: Access denied for user 'appslanz_superma'@'localhost' (using password: YES) in [/var/www/html/php5/nskolaris/supermama/cake/libs/model/datasources/dbo/dbo_mysql.php, line 540]
2013-03-12 08:16:05 Warning: Warning (2): mysql_select_db(): supplied argument is not a valid MySQL-Link resource in [/var/www/html/php5/nskolaris/supermama/cake/libs/model/datasources/dbo/dbo_mysql.php, line 546]
2013-03-12 08:16:05 Warning: Warning (2): mysql_query(): supplied argument is not a valid MySQL-Link resource in [/var/www/html/php5/nskolaris/supermama/cake/libs/model/datasources/dbo/dbo_mysql.php, line 588]
2013-03-12 08:16:05 Warning: Warning (2): mysql_get_server_info(): supplied argument is not a valid MySQL-Link resource in [/var/www/html/php5/nskolaris/supermama/cake/libs/model/datasources/dbo/dbo_mysql.php, line 554]
2013-03-12 08:16:05 Warning: Warning (2): mysql_query(): supplied argument is not a valid MySQL-Link resource in [/var/www/html/php5/nskolaris/supermama/cake/libs/model/datasources/dbo/dbo_mysql.php, line 588]
2013-03-12 08:16:05 Warning: Warning (2): mysql_query(): supplied argument is not a valid MySQL-Link resource in [/var/www/html/php5/nskolaris/supermama/cake/libs/model/datasources/dbo/dbo_mysql.php, line 588]
2013-03-12 08:16:13 Warning: Warning (512): /var/www/html/php5/nskolaris/supermama/app/tmp/cache/ is not writable in [/var/www/html/php5/nskolaris/supermama/cake/libs/cache/file.php, line 267]
2013-03-12 08:16:13 Warning: Warning (512): /var/www/html/php5/nskolaris/supermama/app/tmp/cache/persistent/ is not writable in [/var/www/html/php5/nskolaris/supermama/cake/libs/cache/file.php, line 267]
2013-03-12 08:16:13 Warning: Warning (512): /var/www/html/php5/nskolaris/supermama/app/tmp/cache/models/ is not writable in [/var/www/html/php5/nskolaris/supermama/cake/libs/cache/file.php, line 267]
2013-03-12 08:16:13 Warning: Warning (2): mysql_connect() [<a href='function.mysql-connect'>function.mysql-connect</a>]: Access denied for user 'appslanz_superma'@'localhost' (using password: YES) in [/var/www/html/php5/nskolaris/supermama/cake/libs/model/datasources/dbo/dbo_mysql.php, line 540]
2013-03-12 08:16:13 Warning: Warning (2): mysql_select_db(): supplied argument is not a valid MySQL-Link resource in [/var/www/html/php5/nskolaris/supermama/cake/libs/model/datasources/dbo/dbo_mysql.php, line 546]
2013-03-12 08:16:13 Warning: Warning (2): mysql_query(): supplied argument is not a valid MySQL-Link resource in [/var/www/html/php5/nskolaris/supermama/cake/libs/model/datasources/dbo/dbo_mysql.php, line 588]
2013-03-12 08:16:13 Warning: Warning (2): mysql_get_server_info(): supplied argument is not a valid MySQL-Link resource in [/var/www/html/php5/nskolaris/supermama/cake/libs/model/datasources/dbo/dbo_mysql.php, line 554]
2013-03-12 08:16:13 Warning: Warning (2): mysql_query(): supplied argument is not a valid MySQL-Link resource in [/var/www/html/php5/nskolaris/supermama/cake/libs/model/datasources/dbo/dbo_mysql.php, line 588]
2013-03-12 08:16:13 Warning: Warning (2): mysql_query(): supplied argument is not a valid MySQL-Link resource in [/var/www/html/php5/nskolaris/supermama/cake/libs/model/datasources/dbo/dbo_mysql.php, line 588]
2013-03-12 08:17:00 Warning: Warning (512): /var/www/html/php5/nskolaris/supermama/app/tmp/cache/ is not writable in [/var/www/html/php5/nskolaris/supermama/cake/libs/cache/file.php, line 267]
2013-03-12 08:17:00 Warning: Warning (512): /var/www/html/php5/nskolaris/supermama/app/tmp/cache/persistent/ is not writable in [/var/www/html/php5/nskolaris/supermama/cake/libs/cache/file.php, line 267]
2013-03-12 08:17:00 Warning: Warning (512): /var/www/html/php5/nskolaris/supermama/app/tmp/cache/models/ is not writable in [/var/www/html/php5/nskolaris/supermama/cake/libs/cache/file.php, line 267]
2013-03-12 08:17:00 Warning: Warning (2): mysql_connect() [<a href='function.mysql-connect'>function.mysql-connect</a>]: Access denied for user 'appslanz_superma'@'localhost' (using password: YES) in [/var/www/html/php5/nskolaris/supermama/cake/libs/model/datasources/dbo/dbo_mysql.php, line 540]
2013-03-12 08:17:00 Warning: Warning (2): mysql_select_db(): supplied argument is not a valid MySQL-Link resource in [/var/www/html/php5/nskolaris/supermama/cake/libs/model/datasources/dbo/dbo_mysql.php, line 546]
2013-03-12 08:17:00 Warning: Warning (2): mysql_query(): supplied argument is not a valid MySQL-Link resource in [/var/www/html/php5/nskolaris/supermama/cake/libs/model/datasources/dbo/dbo_mysql.php, line 588]
2013-03-12 08:17:00 Warning: Warning (2): mysql_get_server_info(): supplied argument is not a valid MySQL-Link resource in [/var/www/html/php5/nskolaris/supermama/cake/libs/model/datasources/dbo/dbo_mysql.php, line 554]
2013-03-12 08:17:00 Warning: Warning (2): mysql_query(): supplied argument is not a valid MySQL-Link resource in [/var/www/html/php5/nskolaris/supermama/cake/libs/model/datasources/dbo/dbo_mysql.php, line 588]
2013-03-12 08:17:00 Warning: Warning (2): mysql_query(): supplied argument is not a valid MySQL-Link resource in [/var/www/html/php5/nskolaris/supermama/cake/libs/model/datasources/dbo/dbo_mysql.php, line 588]
2013-03-15 14:18:52 Warning: Warning (512): /var/www/html/php5/nskolaris/supermama/app/tmp/cache/ is not writable in [/var/www/html/php5/nskolaris/supermama/cake/libs/cache/file.php, line 267]
2013-03-15 14:18:52 Warning: Warning (512): /var/www/html/php5/nskolaris/supermama/app/tmp/cache/persistent/ is not writable in [/var/www/html/php5/nskolaris/supermama/cake/libs/cache/file.php, line 267]
2013-03-15 14:18:52 Warning: Warning (512): /var/www/html/php5/nskolaris/supermama/app/tmp/cache/models/ is not writable in [/var/www/html/php5/nskolaris/supermama/cake/libs/cache/file.php, line 267]
2013-03-15 14:18:53 Warning: Warning (2): mysql_connect() [<a href='http://php.net/function.mysql-connect'>function.mysql-connect</a>]: Access denied for user 'appslanz_superma'@'localhost' (using password: YES) in [/var/www/html/php5/nskolaris/supermama/cake/libs/model/datasources/dbo/dbo_mysql.php, line 540]
2013-03-15 14:18:53 Warning: Warning (2): mysql_select_db(): supplied argument is not a valid MySQL-Link resource in [/var/www/html/php5/nskolaris/supermama/cake/libs/model/datasources/dbo/dbo_mysql.php, line 546]
2013-03-15 14:18:53 Warning: Warning (2): mysql_query(): supplied argument is not a valid MySQL-Link resource in [/var/www/html/php5/nskolaris/supermama/cake/libs/model/datasources/dbo/dbo_mysql.php, line 588]
2013-03-15 14:18:53 Warning: Warning (2): mysql_get_server_info(): supplied argument is not a valid MySQL-Link resource in [/var/www/html/php5/nskolaris/supermama/cake/libs/model/datasources/dbo/dbo_mysql.php, line 554]
2013-03-15 14:18:53 Warning: Warning (2): Cannot modify header information - headers already sent by (output started at /var/www/html/php5/nskolaris/supermama/cake/libs/debugger.php:673) in [/var/www/html/php5/nskolaris/supermama/cake/libs/controller/controller.php, line 746]
2013-03-15 14:18:53 Warning: Warning (2): Cannot modify header information - headers already sent by (output started at /var/www/html/php5/nskolaris/supermama/cake/libs/debugger.php:673) in [/var/www/html/php5/nskolaris/supermama/app/views/layouts/default.ctp, line 2]
2013-03-15 14:18:53 Warning: Warning (2): Cannot modify header information - headers already sent by (output started at /var/www/html/php5/nskolaris/supermama/cake/libs/debugger.php:673) in [/var/www/html/php5/nskolaris/supermama/app/views/layouts/default.ctp, line 3]
2013-03-15 14:18:53 Warning: Warning (512): /var/www/html/php5/nskolaris/supermama/app/tmp/cache/ is not writable in [/var/www/html/php5/nskolaris/supermama/cake/libs/cache/file.php, line 267]
2013-03-15 14:18:53 Warning: Warning (512): /var/www/html/php5/nskolaris/supermama/app/tmp/cache/persistent/ is not writable in [/var/www/html/php5/nskolaris/supermama/cake/libs/cache/file.php, line 267]
2013-03-15 14:18:53 Warning: Warning (512): /var/www/html/php5/nskolaris/supermama/app/tmp/cache/models/ is not writable in [/var/www/html/php5/nskolaris/supermama/cake/libs/cache/file.php, line 267]
2013-03-15 14:18:53 Warning: Warning (2): mysql_connect() [<a href='http://php.net/function.mysql-connect'>function.mysql-connect</a>]: Access denied for user 'appslanz_superma'@'localhost' (using password: YES) in [/var/www/html/php5/nskolaris/supermama/cake/libs/model/datasources/dbo/dbo_mysql.php, line 540]
2013-03-15 14:18:53 Warning: Warning (2): mysql_select_db(): supplied argument is not a valid MySQL-Link resource in [/var/www/html/php5/nskolaris/supermama/cake/libs/model/datasources/dbo/dbo_mysql.php, line 546]
2013-03-15 14:18:53 Warning: Warning (2): mysql_query(): supplied argument is not a valid MySQL-Link resource in [/var/www/html/php5/nskolaris/supermama/cake/libs/model/datasources/dbo/dbo_mysql.php, line 588]
2013-03-15 14:18:53 Warning: Warning (2): mysql_get_server_info(): supplied argument is not a valid MySQL-Link resource in [/var/www/html/php5/nskolaris/supermama/cake/libs/model/datasources/dbo/dbo_mysql.php, line 554]
2013-03-15 14:18:53 Warning: Warning (2): Cannot modify header information - headers already sent by (output started at /var/www/html/php5/nskolaris/supermama/cake/libs/debugger.php:673) in [/var/www/html/php5/nskolaris/supermama/cake/libs/controller/controller.php, line 746]
2013-03-15 14:18:53 Warning: Warning (2): Cannot modify header information - headers already sent by (output started at /var/www/html/php5/nskolaris/supermama/cake/libs/debugger.php:673) in [/var/www/html/php5/nskolaris/supermama/app/views/layouts/default.ctp, line 2]
2013-03-15 14:18:53 Warning: Warning (2): Cannot modify header information - headers already sent by (output started at /var/www/html/php5/nskolaris/supermama/cake/libs/debugger.php:673) in [/var/www/html/php5/nskolaris/supermama/app/views/layouts/default.ctp, line 3]
2013-03-15 14:18:58 Warning: Warning (512): /var/www/html/php5/nskolaris/supermama/app/tmp/cache/ is not writable in [/var/www/html/php5/nskolaris/supermama/cake/libs/cache/file.php, line 267]
2013-03-15 14:18:58 Warning: Warning (512): /var/www/html/php5/nskolaris/supermama/app/tmp/cache/persistent/ is not writable in [/var/www/html/php5/nskolaris/supermama/cake/libs/cache/file.php, line 267]
2013-03-15 14:18:58 Warning: Warning (512): /var/www/html/php5/nskolaris/supermama/app/tmp/cache/models/ is not writable in [/var/www/html/php5/nskolaris/supermama/cake/libs/cache/file.php, line 267]
2013-03-15 14:18:58 Warning: Warning (2): mysql_connect() [<a href='http://php.net/function.mysql-connect'>function.mysql-connect</a>]: Access denied for user 'appslanz_superma'@'localhost' (using password: YES) in [/var/www/html/php5/nskolaris/supermama/cake/libs/model/datasources/dbo/dbo_mysql.php, line 540]
2013-03-15 14:18:58 Warning: Warning (2): mysql_select_db(): supplied argument is not a valid MySQL-Link resource in [/var/www/html/php5/nskolaris/supermama/cake/libs/model/datasources/dbo/dbo_mysql.php, line 546]
2013-03-15 14:18:58 Warning: Warning (2): mysql_query(): supplied argument is not a valid MySQL-Link resource in [/var/www/html/php5/nskolaris/supermama/cake/libs/model/datasources/dbo/dbo_mysql.php, line 588]
2013-03-15 14:18:58 Warning: Warning (2): mysql_get_server_info(): supplied argument is not a valid MySQL-Link resource in [/var/www/html/php5/nskolaris/supermama/cake/libs/model/datasources/dbo/dbo_mysql.php, line 554]
2013-03-15 14:18:58 Warning: Warning (2): Cannot modify header information - headers already sent by (output started at /var/www/html/php5/nskolaris/supermama/cake/libs/debugger.php:673) in [/var/www/html/php5/nskolaris/supermama/cake/libs/controller/controller.php, line 746]
2013-03-15 14:18:58 Warning: Warning (2): Cannot modify header information - headers already sent by (output started at /var/www/html/php5/nskolaris/supermama/cake/libs/debugger.php:673) in [/var/www/html/php5/nskolaris/supermama/app/views/layouts/default.ctp, line 2]
2013-03-15 14:18:58 Warning: Warning (2): Cannot modify header information - headers already sent by (output started at /var/www/html/php5/nskolaris/supermama/cake/libs/debugger.php:673) in [/var/www/html/php5/nskolaris/supermama/app/views/layouts/default.ctp, line 3]
2013-03-15 14:18:58 Warning: Warning (512): /var/www/html/php5/nskolaris/supermama/app/tmp/cache/ is not writable in [/var/www/html/php5/nskolaris/supermama/cake/libs/cache/file.php, line 267]
2013-03-15 14:18:58 Warning: Warning (512): /var/www/html/php5/nskolaris/supermama/app/tmp/cache/persistent/ is not writable in [/var/www/html/php5/nskolaris/supermama/cake/libs/cache/file.php, line 267]
2013-03-15 14:18:58 Warning: Warning (512): /var/www/html/php5/nskolaris/supermama/app/tmp/cache/models/ is not writable in [/var/www/html/php5/nskolaris/supermama/cake/libs/cache/file.php, line 267]
2013-03-15 14:18:58 Warning: Warning (2): mysql_connect() [<a href='http://php.net/function.mysql-connect'>function.mysql-connect</a>]: Access denied for user 'appslanz_superma'@'localhost' (using password: YES) in [/var/www/html/php5/nskolaris/supermama/cake/libs/model/datasources/dbo/dbo_mysql.php, line 540]
2013-03-15 14:18:58 Warning: Warning (2): mysql_select_db(): supplied argument is not a valid MySQL-Link resource in [/var/www/html/php5/nskolaris/supermama/cake/libs/model/datasources/dbo/dbo_mysql.php, line 546]
2013-03-15 14:18:58 Warning: Warning (2): mysql_query(): supplied argument is not a valid MySQL-Link resource in [/var/www/html/php5/nskolaris/supermama/cake/libs/model/datasources/dbo/dbo_mysql.php, line 588]
2013-03-15 14:18:58 Warning: Warning (2): mysql_get_server_info(): supplied argument is not a valid MySQL-Link resource in [/var/www/html/php5/nskolaris/supermama/cake/libs/model/datasources/dbo/dbo_mysql.php, line 554]
2013-03-15 14:18:58 Warning: Warning (2): Cannot modify header information - headers already sent by (output started at /var/www/html/php5/nskolaris/supermama/cake/libs/debugger.php:673) in [/var/www/html/php5/nskolaris/supermama/cake/libs/controller/controller.php, line 746]
2013-03-15 14:18:58 Warning: Warning (2): Cannot modify header information - headers already sent by (output started at /var/www/html/php5/nskolaris/supermama/cake/libs/debugger.php:673) in [/var/www/html/php5/nskolaris/supermama/app/views/layouts/default.ctp, line 2]
2013-03-15 14:18:58 Warning: Warning (2): Cannot modify header information - headers already sent by (output started at /var/www/html/php5/nskolaris/supermama/cake/libs/debugger.php:673) in [/var/www/html/php5/nskolaris/supermama/app/views/layouts/default.ctp, line 3]
2013-03-18 09:04:13 Warning: Warning (512): /var/www/html/php5/nskolaris/supermama/app/tmp/cache/ is not writable in [/var/www/html/php5/nskolaris/supermama/cake/libs/cache/file.php, line 267]
2013-03-18 09:04:13 Warning: Warning (512): /var/www/html/php5/nskolaris/supermama/app/tmp/cache/persistent/ is not writable in [/var/www/html/php5/nskolaris/supermama/cake/libs/cache/file.php, line 267]
2013-03-18 09:04:13 Warning: Warning (512): /var/www/html/php5/nskolaris/supermama/app/tmp/cache/models/ is not writable in [/var/www/html/php5/nskolaris/supermama/cake/libs/cache/file.php, line 267]
2013-03-18 09:04:13 Warning: Warning (2): mysql_connect() [<a href='http://php.net/function.mysql-connect'>function.mysql-connect</a>]: Access denied for user 'appslanz_superma'@'localhost' (using password: YES) in [/var/www/html/php5/nskolaris/supermama/cake/libs/model/datasources/dbo/dbo_mysql.php, line 540]
2013-03-18 09:04:13 Warning: Warning (2): mysql_select_db(): supplied argument is not a valid MySQL-Link resource in [/var/www/html/php5/nskolaris/supermama/cake/libs/model/datasources/dbo/dbo_mysql.php, line 546]
2013-03-18 09:04:13 Warning: Warning (2): mysql_query(): supplied argument is not a valid MySQL-Link resource in [/var/www/html/php5/nskolaris/supermama/cake/libs/model/datasources/dbo/dbo_mysql.php, line 588]
2013-03-18 09:04:13 Warning: Warning (2): mysql_get_server_info(): supplied argument is not a valid MySQL-Link resource in [/var/www/html/php5/nskolaris/supermama/cake/libs/model/datasources/dbo/dbo_mysql.php, line 554]
2013-03-18 09:04:13 Warning: Warning (2): Cannot modify header information - headers already sent by (output started at /var/www/html/php5/nskolaris/supermama/cake/libs/debugger.php:673) in [/var/www/html/php5/nskolaris/supermama/cake/libs/controller/controller.php, line 746]
2013-03-18 09:04:13 Warning: Warning (2): Cannot modify header information - headers already sent by (output started at /var/www/html/php5/nskolaris/supermama/cake/libs/debugger.php:673) in [/var/www/html/php5/nskolaris/supermama/app/views/layouts/default.ctp, line 2]
2013-03-18 09:04:13 Warning: Warning (2): Cannot modify header information - headers already sent by (output started at /var/www/html/php5/nskolaris/supermama/cake/libs/debugger.php:673) in [/var/www/html/php5/nskolaris/supermama/app/views/layouts/default.ctp, line 3]
2013-03-18 09:04:14 Warning: Warning (512): /var/www/html/php5/nskolaris/supermama/app/tmp/cache/ is not writable in [/var/www/html/php5/nskolaris/supermama/cake/libs/cache/file.php, line 267]
2013-03-18 09:04:14 Warning: Warning (512): /var/www/html/php5/nskolaris/supermama/app/tmp/cache/persistent/ is not writable in [/var/www/html/php5/nskolaris/supermama/cake/libs/cache/file.php, line 267]
2013-03-18 09:04:14 Warning: Warning (512): /var/www/html/php5/nskolaris/supermama/app/tmp/cache/models/ is not writable in [/var/www/html/php5/nskolaris/supermama/cake/libs/cache/file.php, line 267]
2013-03-18 09:04:14 Warning: Warning (2): mysql_connect() [<a href='http://php.net/function.mysql-connect'>function.mysql-connect</a>]: Access denied for user 'appslanz_superma'@'localhost' (using password: YES) in [/var/www/html/php5/nskolaris/supermama/cake/libs/model/datasources/dbo/dbo_mysql.php, line 540]
2013-03-18 09:04:14 Warning: Warning (2): mysql_select_db(): supplied argument is not a valid MySQL-Link resource in [/var/www/html/php5/nskolaris/supermama/cake/libs/model/datasources/dbo/dbo_mysql.php, line 546]
2013-03-18 09:04:14 Warning: Warning (2): mysql_query(): supplied argument is not a valid MySQL-Link resource in [/var/www/html/php5/nskolaris/supermama/cake/libs/model/datasources/dbo/dbo_mysql.php, line 588]
2013-03-18 09:04:14 Warning: Warning (2): mysql_get_server_info(): supplied argument is not a valid MySQL-Link resource in [/var/www/html/php5/nskolaris/supermama/cake/libs/model/datasources/dbo/dbo_mysql.php, line 554]
2013-03-18 09:04:14 Warning: Warning (2): Cannot modify header information - headers already sent by (output started at /var/www/html/php5/nskolaris/supermama/cake/libs/debugger.php:673) in [/var/www/html/php5/nskolaris/supermama/cake/libs/controller/controller.php, line 746]
2013-03-18 09:04:14 Warning: Warning (2): Cannot modify header information - headers already sent by (output started at /var/www/html/php5/nskolaris/supermama/cake/libs/debugger.php:673) in [/var/www/html/php5/nskolaris/supermama/app/views/layouts/default.ctp, line 2]
2013-03-18 09:04:14 Warning: Warning (2): Cannot modify header information - headers already sent by (output started at /var/www/html/php5/nskolaris/supermama/cake/libs/debugger.php:673) in [/var/www/html/php5/nskolaris/supermama/app/views/layouts/default.ctp, line 3]
2015-12-28 16:04:28 Warning: Warning (2): mysql_connect() [<a href='http://php.net/function.mysql-connect'>function.mysql-connect</a>]: Access denied for user 'appslanz_superma'@'localhost' (using password: YES) in [/var/www/php/dev/nskolaris/supermama/cake/libs/model/datasources/dbo/dbo_mysql.php, line 540]
2015-12-28 16:04:28 Warning: Warning (2): mysql_select_db() expects parameter 2 to be resource, boolean given in [/var/www/php/dev/nskolaris/supermama/cake/libs/model/datasources/dbo/dbo_mysql.php, line 546]
2015-12-28 16:04:28 Warning: Warning (2): mysql_query() expects parameter 2 to be resource, boolean given in [/var/www/php/dev/nskolaris/supermama/cake/libs/model/datasources/dbo/dbo_mysql.php, line 588]
2015-12-28 16:04:28 Warning: Warning (2): mysql_get_server_info() expects parameter 1 to be resource, boolean given in [/var/www/php/dev/nskolaris/supermama/cake/libs/model/datasources/dbo/dbo_mysql.php, line 554]
2015-12-28 16:04:28 Warning: Warning (2): Cannot modify header information - headers already sent by (output started at /var/www/php/dev/nskolaris/supermama/cake/libs/cake_log.php:290) in [/var/www/php/dev/nskolaris/supermama/cake/libs/controller/controller.php, line 746]
2015-12-28 16:04:28 Warning: Warning (2): Cannot modify header information - headers already sent by (output started at /var/www/php/dev/nskolaris/supermama/cake/libs/cake_log.php:290) in [/var/www/php/dev/nskolaris/supermama/app/views/layouts/default.ctp, line 2]
2015-12-28 16:04:28 Warning: Warning (2): Cannot modify header information - headers already sent by (output started at /var/www/php/dev/nskolaris/supermama/cake/libs/cake_log.php:290) in [/var/www/php/dev/nskolaris/supermama/app/views/layouts/default.ctp, line 3]
2015-12-28 16:04:32 Warning: Warning (2): mysql_connect() [<a href='http://php.net/function.mysql-connect'>function.mysql-connect</a>]: Access denied for user 'appslanz_superma'@'localhost' (using password: YES) in [/var/www/php/dev/nskolaris/supermama/cake/libs/model/datasources/dbo/dbo_mysql.php, line 540]
2015-12-28 16:04:33 Warning: Warning (2): mysql_select_db() expects parameter 2 to be resource, boolean given in [/var/www/php/dev/nskolaris/supermama/cake/libs/model/datasources/dbo/dbo_mysql.php, line 546]
2015-12-28 16:04:34 Warning: Warning (2): mysql_query() expects parameter 2 to be resource, boolean given in [/var/www/php/dev/nskolaris/supermama/cake/libs/model/datasources/dbo/dbo_mysql.php, line 588]
2016-01-09 18:36:26 Warning: Warning (2): mysql_connect() [<a href='http://php.net/function.mysql-connect'>function.mysql-connect</a>]: Access denied for user 'appslanz_superma'@'localhost' (using password: YES) in [/var/www/php/dev/nskolaris/supermama/cake/libs/model/datasources/dbo/dbo_mysql.php, line 540]
2016-01-09 18:36:26 Warning: Warning (2): mysql_select_db() expects parameter 2 to be resource, boolean given in [/var/www/php/dev/nskolaris/supermama/cake/libs/model/datasources/dbo/dbo_mysql.php, line 546]
2016-01-09 18:36:26 Warning: Warning (2): mysql_query() expects parameter 2 to be resource, boolean given in [/var/www/php/dev/nskolaris/supermama/cake/libs/model/datasources/dbo/dbo_mysql.php, line 588]
2016-01-09 18:36:26 Warning: Warning (2): mysql_get_server_info() expects parameter 1 to be resource, boolean given in [/var/www/php/dev/nskolaris/supermama/cake/libs/model/datasources/dbo/dbo_mysql.php, line 554]
2016-01-09 18:36:26 Warning: Warning (2): Cannot modify header information - headers already sent by (output started at /var/www/php/dev/nskolaris/supermama/cake/libs/cake_log.php:290) in [/var/www/php/dev/nskolaris/supermama/cake/libs/controller/controller.php, line 746]
2016-01-09 18:36:26 Warning: Warning (2): Cannot modify header information - headers already sent by (output started at /var/www/php/dev/nskolaris/supermama/cake/libs/cake_log.php:290) in [/var/www/php/dev/nskolaris/supermama/app/views/layouts/default.ctp, line 2]
2016-01-09 18:36:26 Warning: Warning (2): Cannot modify header information - headers already sent by (output started at /var/www/php/dev/nskolaris/supermama/cake/libs/cake_log.php:290) in [/var/www/php/dev/nskolaris/supermama/app/views/layouts/default.ctp, line 3]
2016-01-09 18:36:29 Warning: Warning (2): mysql_connect() [<a href='http://php.net/function.mysql-connect'>function.mysql-connect</a>]: Access denied for user 'appslanz_superma'@'localhost' (using password: YES) in [/var/www/php/dev/nskolaris/supermama/cake/libs/model/datasources/dbo/dbo_mysql.php, line 540]
2016-01-09 18:36:30 Warning: Warning (2): mysql_select_db() expects parameter 2 to be resource, boolean given in [/var/www/php/dev/nskolaris/supermama/cake/libs/model/datasources/dbo/dbo_mysql.php, line 546]
2016-01-09 18:36:32 Warning: Warning (2): mysql_query() expects parameter 2 to be resource, boolean given in [/var/www/php/dev/nskolaris/supermama/cake/libs/model/datasources/dbo/dbo_mysql.php, line 588]
2016-02-06 00:02:06 Warning: Warning (2): mysql_connect() [<a href='http://php.net/function.mysql-connect'>function.mysql-connect</a>]: Access denied for user 'appslanz_superma'@'localhost' (using password: YES) in [/var/www/php/dev/nskolaris/supermama/cake/libs/model/datasources/dbo/dbo_mysql.php, line 540]
2016-02-06 00:02:06 Warning: Warning (2): mysql_select_db() expects parameter 2 to be resource, boolean given in [/var/www/php/dev/nskolaris/supermama/cake/libs/model/datasources/dbo/dbo_mysql.php, line 546]
2016-02-06 00:02:06 Warning: Warning (2): mysql_query() expects parameter 2 to be resource, boolean given in [/var/www/php/dev/nskolaris/supermama/cake/libs/model/datasources/dbo/dbo_mysql.php, line 588]
2016-02-06 00:02:06 Warning: Warning (2): mysql_get_server_info() expects parameter 1 to be resource, boolean given in [/var/www/php/dev/nskolaris/supermama/cake/libs/model/datasources/dbo/dbo_mysql.php, line 554]
2016-02-06 00:02:06 Warning: Warning (2): Cannot modify header information - headers already sent by (output started at /var/www/php/dev/nskolaris/supermama/cake/libs/cake_log.php:290) in [/var/www/php/dev/nskolaris/supermama/cake/libs/controller/controller.php, line 746]
2016-02-06 00:02:07 Warning: Warning (2): Cannot modify header information - headers already sent by (output started at /var/www/php/dev/nskolaris/supermama/cake/libs/cake_log.php:290) in [/var/www/php/dev/nskolaris/supermama/app/views/layouts/default.ctp, line 2]
2016-02-06 00:02:07 Warning: Warning (2): Cannot modify header information - headers already sent by (output started at /var/www/php/dev/nskolaris/supermama/cake/libs/cake_log.php:290) in [/var/www/php/dev/nskolaris/supermama/app/views/layouts/default.ctp, line 3]
2016-02-06 00:02:12 Warning: Warning (2): mysql_connect() [<a href='http://php.net/function.mysql-connect'>function.mysql-connect</a>]: Access denied for user 'appslanz_superma'@'localhost' (using password: YES) in [/var/www/php/dev/nskolaris/supermama/cake/libs/model/datasources/dbo/dbo_mysql.php, line 540]
2016-02-06 00:02:15 Warning: Warning (2): mysql_select_db() expects parameter 2 to be resource, boolean given in [/var/www/php/dev/nskolaris/supermama/cake/libs/model/datasources/dbo/dbo_mysql.php, line 546]
2016-02-06 00:02:17 Warning: Warning (2): mysql_query() expects parameter 2 to be resource, boolean given in [/var/www/php/dev/nskolaris/supermama/cake/libs/model/datasources/dbo/dbo_mysql.php, line 588]
2016-02-21 19:01:55 Warning: Warning (2): mysql_connect() [<a href='http://php.net/function.mysql-connect'>function.mysql-connect</a>]: Access denied for user 'appslanz_superma'@'localhost' (using password: YES) in [/var/www/php/dev/nskolaris/supermama/cake/libs/model/datasources/dbo/dbo_mysql.php, line 540]
2016-02-21 19:01:55 Warning: Warning (2): mysql_select_db() expects parameter 2 to be resource, boolean given in [/var/www/php/dev/nskolaris/supermama/cake/libs/model/datasources/dbo/dbo_mysql.php, line 546]
2016-02-21 19:01:55 Warning: Warning (2): mysql_query() expects parameter 2 to be resource, boolean given in [/var/www/php/dev/nskolaris/supermama/cake/libs/model/datasources/dbo/dbo_mysql.php, line 588]
2016-02-21 19:01:55 Warning: Warning (2): mysql_get_server_info() expects parameter 1 to be resource, boolean given in [/var/www/php/dev/nskolaris/supermama/cake/libs/model/datasources/dbo/dbo_mysql.php, line 554]
2016-02-21 19:01:55 Warning: Warning (2): Cannot modify header information - headers already sent by (output started at /var/www/php/dev/nskolaris/supermama/cake/libs/cake_log.php:290) in [/var/www/php/dev/nskolaris/supermama/cake/libs/controller/controller.php, line 746]
2016-02-21 19:01:55 Warning: Warning (2): Cannot modify header information - headers already sent by (output started at /var/www/php/dev/nskolaris/supermama/cake/libs/cake_log.php:290) in [/var/www/php/dev/nskolaris/supermama/app/views/layouts/default.ctp, line 2]
2016-02-21 19:01:55 Warning: Warning (2): Cannot modify header information - headers already sent by (output started at /var/www/php/dev/nskolaris/supermama/cake/libs/cake_log.php:290) in [/var/www/php/dev/nskolaris/supermama/app/views/layouts/default.ctp, line 3]
2016-02-21 19:01:58 Warning: Warning (2): mysql_connect() [<a href='http://php.net/function.mysql-connect'>function.mysql-connect</a>]: Access denied for user 'appslanz_superma'@'localhost' (using password: YES) in [/var/www/php/dev/nskolaris/supermama/cake/libs/model/datasources/dbo/dbo_mysql.php, line 540]
2016-02-21 19:01:59 Warning: Warning (2): mysql_select_db() expects parameter 2 to be resource, boolean given in [/var/www/php/dev/nskolaris/supermama/cake/libs/model/datasources/dbo/dbo_mysql.php, line 546]
2016-02-21 19:02:00 Warning: Warning (2): mysql_query() expects parameter 2 to be resource, boolean given in [/var/www/php/dev/nskolaris/supermama/cake/libs/model/datasources/dbo/dbo_mysql.php, line 588]
2016-04-23 22:37:55 Warning: Warning (2): mysql_connect() [<a href='http://php.net/function.mysql-connect'>function.mysql-connect</a>]: Access denied for user 'appslanz_superma'@'localhost' (using password: YES) in [/var/www/php/dev/nskolaris/supermama/cake/libs/model/datasources/dbo/dbo_mysql.php, line 540]
2016-04-23 22:37:55 Warning: Warning (2): mysql_select_db() expects parameter 2 to be resource, boolean given in [/var/www/php/dev/nskolaris/supermama/cake/libs/model/datasources/dbo/dbo_mysql.php, line 546]
2016-04-23 22:37:55 Warning: Warning (2): mysql_query() expects parameter 2 to be resource, boolean given in [/var/www/php/dev/nskolaris/supermama/cake/libs/model/datasources/dbo/dbo_mysql.php, line 588]
2016-04-23 22:37:55 Warning: Warning (2): mysql_get_server_info() expects parameter 1 to be resource, boolean given in [/var/www/php/dev/nskolaris/supermama/cake/libs/model/datasources/dbo/dbo_mysql.php, line 554]
2016-04-23 22:37:55 Warning: Warning (2): Cannot modify header information - headers already sent by (output started at /var/www/php/dev/nskolaris/supermama/cake/libs/cake_log.php:290) in [/var/www/php/dev/nskolaris/supermama/cake/libs/controller/controller.php, line 746]
2016-04-23 22:37:55 Warning: Warning (2): Cannot modify header information - headers already sent by (output started at /var/www/php/dev/nskolaris/supermama/cake/libs/cake_log.php:290) in [/var/www/php/dev/nskolaris/supermama/app/views/layouts/default.ctp, line 2]
2016-04-23 22:37:55 Warning: Warning (2): Cannot modify header information - headers already sent by (output started at /var/www/php/dev/nskolaris/supermama/cake/libs/cake_log.php:290) in [/var/www/php/dev/nskolaris/supermama/app/views/layouts/default.ctp, line 3]
2016-04-23 22:37:58 Warning: Warning (2): mysql_connect() [<a href='http://php.net/function.mysql-connect'>function.mysql-connect</a>]: Access denied for user 'appslanz_superma'@'localhost' (using password: YES) in [/var/www/php/dev/nskolaris/supermama/cake/libs/model/datasources/dbo/dbo_mysql.php, line 540]
2016-04-23 22:37:59 Warning: Warning (2): mysql_select_db() expects parameter 2 to be resource, boolean given in [/var/www/php/dev/nskolaris/supermama/cake/libs/model/datasources/dbo/dbo_mysql.php, line 546]
2016-04-23 22:38:01 Warning: Warning (2): mysql_query() expects parameter 2 to be resource, boolean given in [/var/www/php/dev/nskolaris/supermama/cake/libs/model/datasources/dbo/dbo_mysql.php, line 588]
2016-05-24 12:12:34 Warning: Warning (2): mysql_connect() [<a href='http://php.net/function.mysql-connect'>function.mysql-connect</a>]: Access denied for user 'appslanz_superma'@'localhost' (using password: YES) in [/var/www/php/dev/nskolaris/supermama/cake/libs/model/datasources/dbo/dbo_mysql.php, line 540]
2016-05-24 12:12:34 Warning: Warning (2): mysql_select_db() expects parameter 2 to be resource, boolean given in [/var/www/php/dev/nskolaris/supermama/cake/libs/model/datasources/dbo/dbo_mysql.php, line 546]
2016-05-24 12:12:34 Warning: Warning (2): mysql_query() expects parameter 2 to be resource, boolean given in [/var/www/php/dev/nskolaris/supermama/cake/libs/model/datasources/dbo/dbo_mysql.php, line 588]
2016-05-24 12:12:34 Warning: Warning (2): mysql_get_server_info() expects parameter 1 to be resource, boolean given in [/var/www/php/dev/nskolaris/supermama/cake/libs/model/datasources/dbo/dbo_mysql.php, line 554]
2016-05-24 12:12:34 Warning: Warning (2): Cannot modify header information - headers already sent by (output started at /var/www/php/dev/nskolaris/supermama/cake/libs/cake_log.php:290) in [/var/www/php/dev/nskolaris/supermama/cake/libs/controller/controller.php, line 746]
2016-05-24 12:12:34 Warning: Warning (2): Cannot modify header information - headers already sent by (output started at /var/www/php/dev/nskolaris/supermama/cake/libs/cake_log.php:290) in [/var/www/php/dev/nskolaris/supermama/app/views/layouts/default.ctp, line 2]
2016-05-24 12:12:34 Warning: Warning (2): Cannot modify header information - headers already sent by (output started at /var/www/php/dev/nskolaris/supermama/cake/libs/cake_log.php:290) in [/var/www/php/dev/nskolaris/supermama/app/views/layouts/default.ctp, line 3]
2016-05-24 12:12:38 Warning: Warning (2): mysql_connect() [<a href='http://php.net/function.mysql-connect'>function.mysql-connect</a>]: Access denied for user 'appslanz_superma'@'localhost' (using password: YES) in [/var/www/php/dev/nskolaris/supermama/cake/libs/model/datasources/dbo/dbo_mysql.php, line 540]
2016-05-24 12:12:39 Warning: Warning (2): mysql_select_db() expects parameter 2 to be resource, boolean given in [/var/www/php/dev/nskolaris/supermama/cake/libs/model/datasources/dbo/dbo_mysql.php, line 546]
2016-05-24 12:12:40 Warning: Warning (2): mysql_query() expects parameter 2 to be resource, boolean given in [/var/www/php/dev/nskolaris/supermama/cake/libs/model/datasources/dbo/dbo_mysql.php, line 588]
2016-05-24 23:29:24 Warning: Warning (2): mysql_connect() [<a href='http://php.net/function.mysql-connect'>function.mysql-connect</a>]: Access denied for user 'appslanz_superma'@'localhost' (using password: YES) in [/var/www/php/dev/nskolaris/supermama/cake/libs/model/datasources/dbo/dbo_mysql.php, line 540]
2016-05-24 23:29:24 Warning: Warning (2): mysql_select_db() expects parameter 2 to be resource, boolean given in [/var/www/php/dev/nskolaris/supermama/cake/libs/model/datasources/dbo/dbo_mysql.php, line 546]
2016-05-24 23:29:24 Warning: Warning (2): mysql_query() expects parameter 2 to be resource, boolean given in [/var/www/php/dev/nskolaris/supermama/cake/libs/model/datasources/dbo/dbo_mysql.php, line 588]
2016-05-24 23:29:24 Warning: Warning (2): mysql_get_server_info() expects parameter 1 to be resource, boolean given in [/var/www/php/dev/nskolaris/supermama/cake/libs/model/datasources/dbo/dbo_mysql.php, line 554]
2016-05-24 23:29:24 Warning: Warning (2): Cannot modify header information - headers already sent by (output started at /var/www/php/dev/nskolaris/supermama/cake/libs/cake_log.php:290) in [/var/www/php/dev/nskolaris/supermama/cake/libs/controller/controller.php, line 746]
2016-05-24 23:29:24 Warning: Warning (2): Cannot modify header information - headers already sent by (output started at /var/www/php/dev/nskolaris/supermama/cake/libs/cake_log.php:290) in [/var/www/php/dev/nskolaris/supermama/app/views/layouts/default.ctp, line 2]
2016-05-24 23:29:24 Warning: Warning (2): Cannot modify header information - headers already sent by (output started at /var/www/php/dev/nskolaris/supermama/cake/libs/cake_log.php:290) in [/var/www/php/dev/nskolaris/supermama/app/views/layouts/default.ctp, line 3]
2016-05-24 23:29:27 Warning: Warning (2): mysql_connect() [<a href='http://php.net/function.mysql-connect'>function.mysql-connect</a>]: Access denied for user 'appslanz_superma'@'localhost' (using password: YES) in [/var/www/php/dev/nskolaris/supermama/cake/libs/model/datasources/dbo/dbo_mysql.php, line 540]
2016-05-24 23:29:28 Warning: Warning (2): mysql_select_db() expects parameter 2 to be resource, boolean given in [/var/www/php/dev/nskolaris/supermama/cake/libs/model/datasources/dbo/dbo_mysql.php, line 546]
2016-05-24 23:29:30 Warning: Warning (2): mysql_query() expects parameter 2 to be resource, boolean given in [/var/www/php/dev/nskolaris/supermama/cake/libs/model/datasources/dbo/dbo_mysql.php, line 588]
2016-09-05 05:58:17 Warning: Warning (2): mysql_connect() [<a href='http://php.net/function.mysql-connect'>function.mysql-connect</a>]: Access denied for user 'appslanz_superma'@'localhost' (using password: YES) in [/var/www/php/dev/nskolaris/supermama/cake/libs/model/datasources/dbo/dbo_mysql.php, line 540]
2016-09-05 05:58:17 Warning: Warning (2): mysql_select_db() expects parameter 2 to be resource, boolean given in [/var/www/php/dev/nskolaris/supermama/cake/libs/model/datasources/dbo/dbo_mysql.php, line 546]
2016-09-05 05:58:17 Warning: Warning (2): mysql_query() expects parameter 2 to be resource, boolean given in [/var/www/php/dev/nskolaris/supermama/cake/libs/model/datasources/dbo/dbo_mysql.php, line 588]
2016-09-05 05:58:17 Warning: Warning (2): mysql_get_server_info() expects parameter 1 to be resource, boolean given in [/var/www/php/dev/nskolaris/supermama/cake/libs/model/datasources/dbo/dbo_mysql.php, line 554]
2016-09-05 05:58:17 Warning: Warning (2): Cannot modify header information - headers already sent by (output started at /var/www/php/dev/nskolaris/supermama/cake/libs/cake_log.php:290) in [/var/www/php/dev/nskolaris/supermama/cake/libs/controller/controller.php, line 746]
2016-09-05 05:58:17 Warning: Warning (2): Cannot modify header information - headers already sent by (output started at /var/www/php/dev/nskolaris/supermama/cake/libs/cake_log.php:290) in [/var/www/php/dev/nskolaris/supermama/app/views/layouts/default.ctp, line 2]
2016-09-05 05:58:17 Warning: Warning (2): Cannot modify header information - headers already sent by (output started at /var/www/php/dev/nskolaris/supermama/cake/libs/cake_log.php:290) in [/var/www/php/dev/nskolaris/supermama/app/views/layouts/default.ctp, line 3]
2016-09-05 05:58:20 Warning: Warning (2): mysql_connect() [<a href='http://php.net/function.mysql-connect'>function.mysql-connect</a>]: Access denied for user 'appslanz_superma'@'localhost' (using password: YES) in [/var/www/php/dev/nskolaris/supermama/cake/libs/model/datasources/dbo/dbo_mysql.php, line 540]
2016-09-05 05:58:21 Warning: Warning (2): mysql_select_db() expects parameter 2 to be resource, boolean given in [/var/www/php/dev/nskolaris/supermama/cake/libs/model/datasources/dbo/dbo_mysql.php, line 546]
2016-09-05 05:58:23 Warning: Warning (2): mysql_query() expects parameter 2 to be resource, boolean given in [/var/www/php/dev/nskolaris/supermama/cake/libs/model/datasources/dbo/dbo_mysql.php, line 588]
2016-09-30 07:57:19 Warning: Warning (2): mysql_connect() [<a href='http://php.net/function.mysql-connect'>function.mysql-connect</a>]: Access denied for user 'appslanz_superma'@'localhost' (using password: YES) in [/var/www/php/dev/nskolaris/supermama/cake/libs/model/datasources/dbo/dbo_mysql.php, line 540]
2016-09-30 07:57:19 Warning: Warning (2): mysql_select_db() expects parameter 2 to be resource, boolean given in [/var/www/php/dev/nskolaris/supermama/cake/libs/model/datasources/dbo/dbo_mysql.php, line 546]
2016-09-30 07:57:19 Warning: Warning (2): mysql_query() expects parameter 2 to be resource, boolean given in [/var/www/php/dev/nskolaris/supermama/cake/libs/model/datasources/dbo/dbo_mysql.php, line 588]
2016-09-30 07:57:19 Warning: Warning (2): mysql_get_server_info() expects parameter 1 to be resource, boolean given in [/var/www/php/dev/nskolaris/supermama/cake/libs/model/datasources/dbo/dbo_mysql.php, line 554]
2016-09-30 07:57:19 Warning: Warning (2): Cannot modify header information - headers already sent by (output started at /var/www/php/dev/nskolaris/supermama/cake/libs/cake_log.php:290) in [/var/www/php/dev/nskolaris/supermama/cake/libs/controller/controller.php, line 746]
2016-09-30 07:57:19 Warning: Warning (2): Cannot modify header information - headers already sent by (output started at /var/www/php/dev/nskolaris/supermama/cake/libs/cake_log.php:290) in [/var/www/php/dev/nskolaris/supermama/app/views/layouts/default.ctp, line 2]
2016-09-30 07:57:19 Warning: Warning (2): Cannot modify header information - headers already sent by (output started at /var/www/php/dev/nskolaris/supermama/cake/libs/cake_log.php:290) in [/var/www/php/dev/nskolaris/supermama/app/views/layouts/default.ctp, line 3]
2016-09-30 07:57:22 Warning: Warning (2): mysql_connect() [<a href='http://php.net/function.mysql-connect'>function.mysql-connect</a>]: Access denied for user 'appslanz_superma'@'localhost' (using password: YES) in [/var/www/php/dev/nskolaris/supermama/cake/libs/model/datasources/dbo/dbo_mysql.php, line 540]
2016-09-30 07:57:23 Warning: Warning (2): mysql_select_db() expects parameter 2 to be resource, boolean given in [/var/www/php/dev/nskolaris/supermama/cake/libs/model/datasources/dbo/dbo_mysql.php, line 546]
2016-09-30 07:57:25 Warning: Warning (2): mysql_query() expects parameter 2 to be resource, boolean given in [/var/www/php/dev/nskolaris/supermama/cake/libs/model/datasources/dbo/dbo_mysql.php, line 588]
2016-10-09 15:08:56 Warning: Warning (2): mysql_connect() [<a href='http://php.net/function.mysql-connect'>function.mysql-connect</a>]: Access denied for user 'appslanz_superma'@'localhost' (using password: YES) in [/var/www/php/dev/nskolaris/supermama/cake/libs/model/datasources/dbo/dbo_mysql.php, line 540]
2016-10-09 15:08:57 Warning: Warning (2): mysql_select_db() expects parameter 2 to be resource, boolean given in [/var/www/php/dev/nskolaris/supermama/cake/libs/model/datasources/dbo/dbo_mysql.php, line 546]
2016-10-09 15:08:57 Warning: Warning (2): mysql_query() expects parameter 2 to be resource, boolean given in [/var/www/php/dev/nskolaris/supermama/cake/libs/model/datasources/dbo/dbo_mysql.php, line 588]
2016-10-09 15:08:57 Warning: Warning (2): mysql_get_server_info() expects parameter 1 to be resource, boolean given in [/var/www/php/dev/nskolaris/supermama/cake/libs/model/datasources/dbo/dbo_mysql.php, line 554]
2016-10-09 15:08:57 Warning: Warning (2): Cannot modify header information - headers already sent by (output started at /var/www/php/dev/nskolaris/supermama/cake/libs/cake_log.php:290) in [/var/www/php/dev/nskolaris/supermama/cake/libs/controller/controller.php, line 746]
2016-10-09 15:08:57 Warning: Warning (2): Cannot modify header information - headers already sent by (output started at /var/www/php/dev/nskolaris/supermama/cake/libs/cake_log.php:290) in [/var/www/php/dev/nskolaris/supermama/app/views/layouts/default.ctp, line 2]
2016-10-09 15:08:57 Warning: Warning (2): Cannot modify header information - headers already sent by (output started at /var/www/php/dev/nskolaris/supermama/cake/libs/cake_log.php:290) in [/var/www/php/dev/nskolaris/supermama/app/views/layouts/default.ctp, line 3]
2016-10-09 15:09:00 Warning: Warning (2): mysql_connect() [<a href='http://php.net/function.mysql-connect'>function.mysql-connect</a>]: Access denied for user 'appslanz_superma'@'localhost' (using password: YES) in [/var/www/php/dev/nskolaris/supermama/cake/libs/model/datasources/dbo/dbo_mysql.php, line 540]
2016-10-09 15:09:01 Warning: Warning (2): mysql_select_db() expects parameter 2 to be resource, boolean given in [/var/www/php/dev/nskolaris/supermama/cake/libs/model/datasources/dbo/dbo_mysql.php, line 546]
2016-10-09 15:09:02 Warning: Warning (2): mysql_query() expects parameter 2 to be resource, boolean given in [/var/www/php/dev/nskolaris/supermama/cake/libs/model/datasources/dbo/dbo_mysql.php, line 588]
